2018-01-09 17:10:58.677 [restartedMain] INFO  com.gistmap.EnjoyApplication - Starting EnjoyApplication on DESKTOP-9DR37MS with PID 1028 (C:\gistmap\enjoy\enjoy\target\classes started by 45286 in C:\gistmap\enjoy\enjoy)
2018-01-09 17:10:58.681 [restartedMain] INFO  com.gistmap.EnjoyApplication - No active profile set, falling back to default profiles: default
2018-01-09 17:10:58.765 [restartedMain] INFO  o.s.b.c.e.AnnotationConfigEmbeddedWebApplicationContext - Refreshing org.springframework.boot.context.embedded.AnnotationConfigEmbeddedWebApplicationContext@11500d5b: startup date [Tue Jan 09 17:10:58 CST 2018]; root of context hierarchy
2018-01-09 17:10:59.054 [background-preinit] INFO  org.hibernate.validator.internal.util.Version - HV000001: Hibernate Validator 5.3.5.Final
2018-01-09 17:11:00.815 [restartedMain] INFO  o.s.c.s.PostProcessorRegistrationDelegate$BeanPostProcessorChecker - Bean 'com.alibaba.druid.spring.boot.autoconfigure.stat.DruidSpringAopConfiguration' of type [com.alibaba.druid.spring.boot.autoconfigure.stat.DruidSpringAopConfiguration] is not eligible for getting processed by all BeanPostProcessors (for example: not eligible for auto-proxying)
2018-01-09 17:11:01.645 [restartedMain] INFO  o.s.b.c.e.tomcat.TomcatEmbeddedServletContainer - Tomcat initialized with port(s): 7001 (http)
2018-01-09 17:11:01.660 [restartedMain] INFO  org.apache.catalina.core.StandardService - Starting service [Tomcat]
2018-01-09 17:11:01.661 [restartedMain] INFO  org.apache.catalina.core.StandardEngine - Starting Servlet Engine: Apache Tomcat/8.5.16
2018-01-09 17:11:01.807 [localhost-startStop-1] INFO  o.a.c.core.ContainerBase.[Tomcat].[localhost].[/] - Initializing Spring embedded WebApplicationContext
2018-01-09 17:11:01.808 [localhost-startStop-1] INFO  org.springframework.web.context.ContextLoader - Root WebApplicationContext: initialization completed in 3043 ms
2018-01-09 17:11:02.085 [localhost-startStop-1] INFO  o.s.boot.web.servlet.ServletRegistrationBean - Mapping servlet: 'dispatcherServlet' to [/]
2018-01-09 17:11:02.086 [localhost-startStop-1] INFO  o.s.boot.web.servlet.ServletRegistrationBean - Mapping servlet: 'statViewServlet' to [/druid/*]
2018-01-09 17:11:02.090 [localhost-startStop-1] INFO  o.s.boot.web.servlet.FilterRegistrationBean - Mapping filter: 'characterEncodingFilter' to: [/*]
2018-01-09 17:11:02.091 [localhost-startStop-1] INFO  o.s.boot.web.servlet.FilterRegistrationBean - Mapping filter: 'hiddenHttpMethodFilter' to: [/*]
2018-01-09 17:11:02.091 [localhost-startStop-1] INFO  o.s.boot.web.servlet.FilterRegistrationBean - Mapping filter: 'httpPutFormContentFilter' to: [/*]
2018-01-09 17:11:02.091 [localhost-startStop-1] INFO  o.s.boot.web.servlet.FilterRegistrationBean - Mapping filter: 'requestContextFilter' to: [/*]
2018-01-09 17:11:02.092 [localhost-startStop-1] INFO  o.s.boot.web.servlet.FilterRegistrationBean - Mapping filter: 'webStatFilter' to urls: [/*]
2018-01-09 17:11:04.059 [restartedMain] INFO  o.s.w.s.m.m.a.RequestMappingHandlerAdapter - Looking for @ControllerAdvice: org.springframework.boot.context.embedded.AnnotationConfigEmbeddedWebApplicationContext@11500d5b: startup date [Tue Jan 09 17:10:58 CST 2018]; root of context hierarchy
2018-01-09 17:11:04.166 [restartedMain] INFO  o.s.w.s.m.m.a.RequestMappingHandlerMapping - Mapped "{[/write],methods=[GET]}" onto public java.lang.String com.gistmap.web.IndexController.write()
2018-01-09 17:11:04.167 [restartedMain] INFO  o.s.w.s.m.m.a.RequestMappingHandlerMapping - Mapped "{[/],methods=[GET]}" onto public java.lang.String com.gistmap.web.IndexController.home()
2018-01-09 17:11:04.168 [restartedMain] INFO  o.s.w.s.m.m.a.RequestMappingHandlerMapping - Mapped "{[/login],methods=[GET]}" onto public java.lang.String com.gistmap.web.IndexController.login()
2018-01-09 17:11:04.168 [restartedMain] INFO  o.s.w.s.m.m.a.RequestMappingHandlerMapping - Mapped "{[/regist],methods=[GET]}" onto public java.lang.String com.gistmap.web.IndexController.regist()
2018-01-09 17:11:04.171 [restartedMain] INFO  o.s.w.s.m.m.a.RequestMappingHandlerMapping - Mapped "{[/signUp],methods=[POST]}" onto public com.gistmap.comm.Response com.gistmap.web.LoginController.signUp(com.gistmap.entity.User)
2018-01-09 17:11:04.172 [restartedMain] INFO  o.s.w.s.m.m.a.RequestMappingHandlerMapping - Mapped "{[/signIn],methods=[POST]}" onto public com.gistmap.comm.Response com.gistmap.web.LoginController.signIn(com.gistmap.entity.User,javax.servlet.http.HttpServletResponse)
2018-01-09 17:11:04.174 [restartedMain] INFO  o.s.w.s.m.m.a.RequestMappingHandlerMapping - Mapped "{[/music/list],methods=[GET]}" onto public java.util.List<com.gistmap.entity.MusicVO> com.gistmap.web.MusicController.list(java.lang.String)
2018-01-09 17:11:04.175 [restartedMain] INFO  o.s.w.s.m.m.a.RequestMappingHandlerMapping - Mapped "{[/story/{storyId}],methods=[GET]}" onto public java.lang.String com.gistmap.web.StoryController.get(java.lang.Long,org.springframework.ui.Model)
2018-01-09 17:11:04.175 [restartedMain] INFO  o.s.w.s.m.m.a.RequestMappingHandlerMapping - Mapped "{[/story/add],methods=[POST]}" onto public com.gistmap.comm.Response com.gistmap.web.StoryController.save(com.gistmap.entity.StoryDto)
2018-01-09 17:11:04.176 [restartedMain] INFO  o.s.w.s.m.m.a.RequestMappingHandlerMapping - Mapped "{[/user/],methods=[GET]}" onto public java.lang.String com.gistmap.web.UserController.index(java.util.Map<java.lang.String, java.lang.Object>,java.lang.Long)
2018-01-09 17:11:04.178 [restartedMain] INFO  o.s.w.s.m.m.a.RequestMappingHandlerMapping - Mapped "{[/error]}" onto public org.springframework.http.ResponseEntity<java.util.Map<java.lang.String, java.lang.Object>> org.springframework.boot.autoconfigure.web.BasicErrorController.error(javax.servlet.http.HttpServletRequest)
2018-01-09 17:11:04.179 [restartedMain] INFO  o.s.w.s.m.m.a.RequestMappingHandlerMapping - Mapped "{[/error],produces=[text/html]}" onto public org.springframework.web.servlet.ModelAndView org.springframework.boot.autoconfigure.web.BasicErrorController.errorHtml(javax.servlet.http.HttpServletRequest,javax.servlet.http.HttpServletResponse)
2018-01-09 17:11:04.235 [restartedMain] INFO  o.s.web.servlet.handler.SimpleUrlHandlerMapping - Mapped URL path [/webjars/**] onto handler of type [class org.springframework.web.servlet.resource.ResourceHttpRequestHandler]
2018-01-09 17:11:04.236 [restartedMain] INFO  o.s.web.servlet.handler.SimpleUrlHandlerMapping - Mapped URL path [/**] onto handler of type [class org.springframework.web.servlet.resource.ResourceHttpRequestHandler]
2018-01-09 17:11:04.456 [restartedMain] INFO  o.s.web.servlet.handler.SimpleUrlHandlerMapping - Mapped URL path [/**/favicon.ico] onto handler of type [class org.springframework.web.servlet.resource.ResourceHttpRequestHandler]
2018-01-09 17:11:04.729 [restartedMain] INFO  o.s.w.servlet.view.freemarker.FreeMarkerConfigurer - ClassTemplateLoader for Spring macros added to FreeMarker configuration
2018-01-09 17:11:05.022 [restartedMain] WARN  o.s.b.d.autoconfigure.OptionalLiveReloadServer - Unable to start LiveReload server
2018-01-09 17:11:05.282 [restartedMain] INFO  o.s.jmx.export.annotation.AnnotationMBeanExporter - Registering beans for JMX exposure on startup
2018-01-09 17:11:05.284 [restartedMain] INFO  o.s.jmx.export.annotation.AnnotationMBeanExporter - Bean with name 'statFilter' has been autodetected for JMX exposure
2018-01-09 17:11:05.284 [restartedMain] INFO  o.s.jmx.export.annotation.AnnotationMBeanExporter - Bean with name 'dataSource' has been autodetected for JMX exposure
2018-01-09 17:11:05.290 [restartedMain] INFO  o.s.jmx.export.annotation.AnnotationMBeanExporter - Located MBean 'dataSource': registering with JMX server as MBean [com.alibaba.druid.spring.boot.autoconfigure:name=dataSource,type=DruidDataSourceWrapper]
2018-01-09 17:11:05.292 [restartedMain] INFO  o.s.jmx.export.annotation.AnnotationMBeanExporter - Located MBean 'statFilter': registering with JMX server as MBean [com.alibaba.druid.filter.stat:name=statFilter,type=StatFilter]
2018-01-09 17:11:05.310 [restartedMain] INFO  org.apache.coyote.http11.Http11NioProtocol - Initializing ProtocolHandler ["http-nio-7001"]
2018-01-09 17:11:05.321 [restartedMain] INFO  org.apache.coyote.http11.Http11NioProtocol - Starting ProtocolHandler ["http-nio-7001"]
2018-01-09 17:11:05.336 [restartedMain] INFO  org.apache.tomcat.util.net.NioSelectorPool - Using a shared selector for servlet write/read
2018-01-09 17:11:05.358 [restartedMain] INFO  o.s.b.c.e.tomcat.TomcatEmbeddedServletContainer - Tomcat started on port(s): 7001 (http)
2018-01-09 17:11:05.366 [restartedMain] INFO  com.gistmap.EnjoyApplication - Started EnjoyApplication in 7.698 seconds (JVM running for 9.209)
2018-01-09 17:11:39.247 [http-nio-7001-exec-1] INFO  o.a.c.core.ContainerBase.[Tomcat].[localhost].[/] - Initializing Spring FrameworkServlet 'dispatcherServlet'
2018-01-09 17:11:39.247 [http-nio-7001-exec-1] INFO  org.springframework.web.servlet.DispatcherServlet - FrameworkServlet 'dispatcherServlet': initialization started
2018-01-09 17:11:39.280 [http-nio-7001-exec-1] INFO  org.springframework.web.servlet.DispatcherServlet - FrameworkServlet 'dispatcherServlet': initialization completed in 33 ms
2018-01-09 17:12:15.851 [http-nio-7001-exec-7] INFO  com.alibaba.druid.pool.DruidDataSource - {dataSource-1} inited
2018-01-09 17:12:15.852 [Druid-ConnectionPool-Log-299176982] INFO  c.alibaba.druid.pool.DruidDataSourceStatLoggerImpl - {"url":"jdbc:mysql://localhost:3306/enjoy_sys?useUnicode=true&characterEncoding=UTF-8&useSSL=false","dbType":"mysql","name":"DataSource-299176982","activeCount":0,"poolingCount":10,"poolingPeak":10,"poolingPeakTime":"2018-01-09 17:12:15","connectCount":0,"closeCount":0,"physicalConnectCount":10}
2018-01-09 17:17:15.855 [Druid-ConnectionPool-Log-299176982] INFO  c.alibaba.druid.pool.DruidDataSourceStatLoggerImpl - {"url":"jdbc:mysql://localhost:3306/enjoy_sys?useUnicode=true&characterEncoding=UTF-8&useSSL=false","dbType":"mysql","name":"DataSource-299176982","activeCount":0,"activePeak":1,"activePeakTime":"2018-01-09 17:12:15","poolingCount":10,"poolingPeak":10,"poolingPeakTime":"2018-01-09 17:12:15","connectCount":3,"closeCount":3,"executeCount":3,"pstmtCacheHitCount":2,"pstmtCacheMissCount":1,"connectionHoldTimeHistogram":[0,2,0,1],"sqlList":[{"sql":"SELECT\n          *\n        FROM\n          user\n        WHERE\n          email = ?\n        OR\n          username = ?","executeCount":3,"executeMillisMax":1,"executeMillisTotal":2,"executeHistogram":[2,1],"executeAndResultHoldHistogram":[3],"concurrentMax":1,"fetchRowCount":1,"fetchRowHistogram":[0,3]}]}
2018-01-09 17:22:15.856 [Druid-ConnectionPool-Log-299176982] INFO  c.alibaba.druid.pool.DruidDataSourceStatLoggerImpl - {"url":"jdbc:mysql://localhost:3306/enjoy_sys?useUnicode=true&characterEncoding=UTF-8&useSSL=false","dbType":"mysql","name":"DataSource-299176982","activeCount":0,"poolingCount":10,"connectCount":0,"closeCount":0}
2018-01-09 17:27:15.856 [Druid-ConnectionPool-Log-299176982] INFO  c.alibaba.druid.pool.DruidDataSourceStatLoggerImpl - {"url":"jdbc:mysql://localhost:3306/enjoy_sys?useUnicode=true&characterEncoding=UTF-8&useSSL=false","dbType":"mysql","name":"DataSource-299176982","activeCount":0,"poolingCount":10,"connectCount":0,"closeCount":0}
2018-01-09 17:32:15.856 [Druid-ConnectionPool-Log-299176982] INFO  c.alibaba.druid.pool.DruidDataSourceStatLoggerImpl - {"url":"jdbc:mysql://localhost:3306/enjoy_sys?useUnicode=true&characterEncoding=UTF-8&useSSL=false","dbType":"mysql","name":"DataSource-299176982","activeCount":0,"poolingCount":10,"connectCount":0,"closeCount":0}
2018-01-09 17:37:15.857 [Druid-ConnectionPool-Log-299176982] INFO  c.alibaba.druid.pool.DruidDataSourceStatLoggerImpl - {"url":"jdbc:mysql://localhost:3306/enjoy_sys?useUnicode=true&characterEncoding=UTF-8&useSSL=false","dbType":"mysql","name":"DataSource-299176982","activeCount":0,"poolingCount":10,"connectCount":0,"closeCount":0}
2018-01-09 17:42:15.857 [Druid-ConnectionPool-Log-299176982] INFO  c.alibaba.druid.pool.DruidDataSourceStatLoggerImpl - {"url":"jdbc:mysql://localhost:3306/enjoy_sys?useUnicode=true&characterEncoding=UTF-8&useSSL=false","dbType":"mysql","name":"DataSource-299176982","activeCount":0,"poolingCount":10,"connectCount":0,"closeCount":0}
2018-01-09 17:47:15.858 [Druid-ConnectionPool-Log-299176982] INFO  c.alibaba.druid.pool.DruidDataSourceStatLoggerImpl - {"url":"jdbc:mysql://localhost:3306/enjoy_sys?useUnicode=true&characterEncoding=UTF-8&useSSL=false","dbType":"mysql","name":"DataSource-299176982","activeCount":0,"poolingCount":10,"connectCount":0,"closeCount":0}
2018-01-09 17:52:15.859 [Druid-ConnectionPool-Log-299176982] INFO  c.alibaba.druid.pool.DruidDataSourceStatLoggerImpl - {"url":"jdbc:mysql://localhost:3306/enjoy_sys?useUnicode=true&characterEncoding=UTF-8&useSSL=false","dbType":"mysql","name":"DataSource-299176982","activeCount":0,"poolingCount":10,"connectCount":0,"closeCount":0}
2018-01-09 17:57:15.860 [Druid-ConnectionPool-Log-299176982] INFO  c.alibaba.druid.pool.DruidDataSourceStatLoggerImpl - {"url":"jdbc:mysql://localhost:3306/enjoy_sys?useUnicode=true&characterEncoding=UTF-8&useSSL=false","dbType":"mysql","name":"DataSource-299176982","activeCount":0,"poolingCount":10,"connectCount":0,"closeCount":0}
2018-01-09 18:02:15.860 [Druid-ConnectionPool-Log-299176982] INFO  c.alibaba.druid.pool.DruidDataSourceStatLoggerImpl - {"url":"jdbc:mysql://localhost:3306/enjoy_sys?useUnicode=true&characterEncoding=UTF-8&useSSL=false","dbType":"mysql","name":"DataSource-299176982","activeCount":0,"poolingCount":10,"connectCount":0,"closeCount":0}
2018-01-09 18:07:15.861 [Druid-ConnectionPool-Log-299176982] INFO  c.alibaba.druid.pool.DruidDataSourceStatLoggerImpl - {"url":"jdbc:mysql://localhost:3306/enjoy_sys?useUnicode=true&characterEncoding=UTF-8&useSSL=false","dbType":"mysql","name":"DataSource-299176982","activeCount":0,"poolingCount":10,"connectCount":0,"closeCount":0}
2018-01-09 18:12:15.863 [Druid-ConnectionPool-Log-299176982] INFO  c.alibaba.druid.pool.DruidDataSourceStatLoggerImpl - {"url":"jdbc:mysql://localhost:3306/enjoy_sys?useUnicode=true&characterEncoding=UTF-8&useSSL=false","dbType":"mysql","name":"DataSource-299176982","activeCount":0,"poolingCount":10,"connectCount":0,"closeCount":0}
2018-01-09 18:17:15.864 [Druid-ConnectionPool-Log-299176982] INFO  c.alibaba.druid.pool.DruidDataSourceStatLoggerImpl - {"url":"jdbc:mysql://localhost:3306/enjoy_sys?useUnicode=true&characterEncoding=UTF-8&useSSL=false","dbType":"mysql","name":"DataSource-299176982","activeCount":0,"poolingCount":10,"connectCount":0,"closeCount":0}
2018-01-09 18:22:15.865 [Druid-ConnectionPool-Log-299176982] INFO  c.alibaba.druid.pool.DruidDataSourceStatLoggerImpl - {"url":"jdbc:mysql://localhost:3306/enjoy_sys?useUnicode=true&characterEncoding=UTF-8&useSSL=false","dbType":"mysql","name":"DataSource-299176982","activeCount":0,"poolingCount":10,"connectCount":0,"closeCount":0}
2018-01-09 18:27:15.866 [Druid-ConnectionPool-Log-299176982] INFO  c.alibaba.druid.pool.DruidDataSourceStatLoggerImpl - {"url":"jdbc:mysql://localhost:3306/enjoy_sys?useUnicode=true&characterEncoding=UTF-8&useSSL=false","dbType":"mysql","name":"DataSource-299176982","activeCount":0,"poolingCount":10,"connectCount":0,"closeCount":0}
2018-01-09 18:32:15.866 [Druid-ConnectionPool-Log-299176982] INFO  c.alibaba.druid.pool.DruidDataSourceStatLoggerImpl - {"url":"jdbc:mysql://localhost:3306/enjoy_sys?useUnicode=true&characterEncoding=UTF-8&useSSL=false","dbType":"mysql","name":"DataSource-299176982","activeCount":0,"poolingCount":10,"connectCount":0,"closeCount":0}
2018-01-09 18:37:15.867 [Druid-ConnectionPool-Log-299176982] INFO  c.alibaba.druid.pool.DruidDataSourceStatLoggerImpl - {"url":"jdbc:mysql://localhost:3306/enjoy_sys?useUnicode=true&characterEncoding=UTF-8&useSSL=false","dbType":"mysql","name":"DataSource-299176982","activeCount":0,"poolingCount":10,"connectCount":0,"closeCount":0}
2018-01-09 18:42:15.868 [Druid-ConnectionPool-Log-299176982] INFO  c.alibaba.druid.pool.DruidDataSourceStatLoggerImpl - {"url":"jdbc:mysql://localhost:3306/enjoy_sys?useUnicode=true&characterEncoding=UTF-8&useSSL=false","dbType":"mysql","name":"DataSource-299176982","activeCount":0,"poolingCount":10,"connectCount":0,"closeCount":0}
2018-01-09 18:47:15.869 [Druid-ConnectionPool-Log-299176982] INFO  c.alibaba.druid.pool.DruidDataSourceStatLoggerImpl - {"url":"jdbc:mysql://localhost:3306/enjoy_sys?useUnicode=true&characterEncoding=UTF-8&useSSL=false","dbType":"mysql","name":"DataSource-299176982","activeCount":0,"poolingCount":10,"connectCount":0,"closeCount":0}
2018-01-09 18:52:15.870 [Druid-ConnectionPool-Log-299176982] INFO  c.alibaba.druid.pool.DruidDataSourceStatLoggerImpl - {"url":"jdbc:mysql://localhost:3306/enjoy_sys?useUnicode=true&characterEncoding=UTF-8&useSSL=false","dbType":"mysql","name":"DataSource-299176982","activeCount":0,"poolingCount":10,"connectCount":0,"closeCount":0}
2018-01-09 18:57:15.871 [Druid-ConnectionPool-Log-299176982] INFO  c.alibaba.druid.pool.DruidDataSourceStatLoggerImpl - {"url":"jdbc:mysql://localhost:3306/enjoy_sys?useUnicode=true&characterEncoding=UTF-8&useSSL=false","dbType":"mysql","name":"DataSource-299176982","activeCount":0,"poolingCount":10,"connectCount":0,"closeCount":0}
2018-01-09 19:02:15.872 [Druid-ConnectionPool-Log-299176982] INFO  c.alibaba.druid.pool.DruidDataSourceStatLoggerImpl - {"url":"jdbc:mysql://localhost:3306/enjoy_sys?useUnicode=true&characterEncoding=UTF-8&useSSL=false","dbType":"mysql","name":"DataSource-299176982","activeCount":0,"poolingCount":10,"connectCount":0,"closeCount":0}
2018-01-09 19:07:15.874 [Druid-ConnectionPool-Log-299176982] INFO  c.alibaba.druid.pool.DruidDataSourceStatLoggerImpl - {"url":"jdbc:mysql://localhost:3306/enjoy_sys?useUnicode=true&characterEncoding=UTF-8&useSSL=false","dbType":"mysql","name":"DataSource-299176982","activeCount":0,"poolingCount":10,"connectCount":0,"closeCount":0}
2018-01-09 19:12:15.875 [Druid-ConnectionPool-Log-299176982] INFO  c.alibaba.druid.pool.DruidDataSourceStatLoggerImpl - {"url":"jdbc:mysql://localhost:3306/enjoy_sys?useUnicode=true&characterEncoding=UTF-8&useSSL=false","dbType":"mysql","name":"DataSource-299176982","activeCount":0,"poolingCount":10,"connectCount":0,"closeCount":0}
2018-01-09 19:17:15.875 [Druid-ConnectionPool-Log-299176982] INFO  c.alibaba.druid.pool.DruidDataSourceStatLoggerImpl - {"url":"jdbc:mysql://localhost:3306/enjoy_sys?useUnicode=true&characterEncoding=UTF-8&useSSL=false","dbType":"mysql","name":"DataSource-299176982","activeCount":0,"poolingCount":10,"connectCount":0,"closeCount":0}
2018-01-09 19:22:15.876 [Druid-ConnectionPool-Log-299176982] INFO  c.alibaba.druid.pool.DruidDataSourceStatLoggerImpl - {"url":"jdbc:mysql://localhost:3306/enjoy_sys?useUnicode=true&characterEncoding=UTF-8&useSSL=false","dbType":"mysql","name":"DataSource-299176982","activeCount":0,"poolingCount":10,"connectCount":0,"closeCount":0}
2018-01-09 19:27:15.877 [Druid-ConnectionPool-Log-299176982] INFO  c.alibaba.druid.pool.DruidDataSourceStatLoggerImpl - {"url":"jdbc:mysql://localhost:3306/enjoy_sys?useUnicode=true&characterEncoding=UTF-8&useSSL=false","dbType":"mysql","name":"DataSource-299176982","activeCount":0,"poolingCount":10,"connectCount":0,"closeCount":0}
2018-01-09 19:32:15.878 [Druid-ConnectionPool-Log-299176982] INFO  c.alibaba.druid.pool.DruidDataSourceStatLoggerImpl - {"url":"jdbc:mysql://localhost:3306/enjoy_sys?useUnicode=true&characterEncoding=UTF-8&useSSL=false","dbType":"mysql","name":"DataSource-299176982","activeCount":0,"poolingCount":10,"connectCount":0,"closeCount":0}
2018-01-09 19:37:15.879 [Druid-ConnectionPool-Log-299176982] INFO  c.alibaba.druid.pool.DruidDataSourceStatLoggerImpl - {"url":"jdbc:mysql://localhost:3306/enjoy_sys?useUnicode=true&characterEncoding=UTF-8&useSSL=false","dbType":"mysql","name":"DataSource-299176982","activeCount":0,"poolingCount":10,"connectCount":0,"closeCount":0}
2018-01-09 19:42:15.880 [Druid-ConnectionPool-Log-299176982] INFO  c.alibaba.druid.pool.DruidDataSourceStatLoggerImpl - {"url":"jdbc:mysql://localhost:3306/enjoy_sys?useUnicode=true&characterEncoding=UTF-8&useSSL=false","dbType":"mysql","name":"DataSource-299176982","activeCount":0,"poolingCount":10,"connectCount":0,"closeCount":0}
2018-01-09 19:47:15.881 [Druid-ConnectionPool-Log-299176982] INFO  c.alibaba.druid.pool.DruidDataSourceStatLoggerImpl - {"url":"jdbc:mysql://localhost:3306/enjoy_sys?useUnicode=true&characterEncoding=UTF-8&useSSL=false","dbType":"mysql","name":"DataSource-299176982","activeCount":0,"poolingCount":10,"connectCount":0,"closeCount":0}
2018-01-09 19:52:15.881 [Druid-ConnectionPool-Log-299176982] INFO  c.alibaba.druid.pool.DruidDataSourceStatLoggerImpl - {"url":"jdbc:mysql://localhost:3306/enjoy_sys?useUnicode=true&characterEncoding=UTF-8&useSSL=false","dbType":"mysql","name":"DataSource-299176982","activeCount":0,"poolingCount":10,"connectCount":0,"closeCount":0}
2018-01-09 19:57:15.882 [Druid-ConnectionPool-Log-299176982] INFO  c.alibaba.druid.pool.DruidDataSourceStatLoggerImpl - {"url":"jdbc:mysql://localhost:3306/enjoy_sys?useUnicode=true&characterEncoding=UTF-8&useSSL=false","dbType":"mysql","name":"DataSource-299176982","activeCount":0,"poolingCount":10,"connectCount":0,"closeCount":0}
2018-01-09 20:02:15.883 [Druid-ConnectionPool-Log-299176982] INFO  c.alibaba.druid.pool.DruidDataSourceStatLoggerImpl - {"url":"jdbc:mysql://localhost:3306/enjoy_sys?useUnicode=true&characterEncoding=UTF-8&useSSL=false","dbType":"mysql","name":"DataSource-299176982","activeCount":0,"poolingCount":10,"connectCount":0,"closeCount":0}
2018-01-09 20:07:15.883 [Druid-ConnectionPool-Log-299176982] INFO  c.alibaba.druid.pool.DruidDataSourceStatLoggerImpl - {"url":"jdbc:mysql://localhost:3306/enjoy_sys?useUnicode=true&characterEncoding=UTF-8&useSSL=false","dbType":"mysql","name":"DataSource-299176982","activeCount":0,"poolingCount":10,"connectCount":0,"closeCount":0}
2018-01-09 20:12:15.885 [Druid-ConnectionPool-Log-299176982] INFO  c.alibaba.druid.pool.DruidDataSourceStatLoggerImpl - {"url":"jdbc:mysql://localhost:3306/enjoy_sys?useUnicode=true&characterEncoding=UTF-8&useSSL=false","dbType":"mysql","name":"DataSource-299176982","activeCount":0,"poolingCount":10,"connectCount":0,"closeCount":0}
2018-01-09 20:17:15.885 [Druid-ConnectionPool-Log-299176982] INFO  c.alibaba.druid.pool.DruidDataSourceStatLoggerImpl - {"url":"jdbc:mysql://localhost:3306/enjoy_sys?useUnicode=true&characterEncoding=UTF-8&useSSL=false","dbType":"mysql","name":"DataSource-299176982","activeCount":0,"poolingCount":10,"connectCount":0,"closeCount":0}
2018-01-09 20:22:15.886 [Druid-ConnectionPool-Log-299176982] INFO  c.alibaba.druid.pool.DruidDataSourceStatLoggerImpl - {"url":"jdbc:mysql://localhost:3306/enjoy_sys?useUnicode=true&characterEncoding=UTF-8&useSSL=false","dbType":"mysql","name":"DataSource-299176982","activeCount":0,"poolingCount":10,"connectCount":0,"closeCount":0}
2018-01-09 20:27:15.886 [Druid-ConnectionPool-Log-299176982] INFO  c.alibaba.druid.pool.DruidDataSourceStatLoggerImpl - {"url":"jdbc:mysql://localhost:3306/enjoy_sys?useUnicode=true&characterEncoding=UTF-8&useSSL=false","dbType":"mysql","name":"DataSource-299176982","activeCount":0,"poolingCount":10,"connectCount":0,"closeCount":0}
2018-01-09 20:32:15.886 [Druid-ConnectionPool-Log-299176982] INFO  c.alibaba.druid.pool.DruidDataSourceStatLoggerImpl - {"url":"jdbc:mysql://localhost:3306/enjoy_sys?useUnicode=true&characterEncoding=UTF-8&useSSL=false","dbType":"mysql","name":"DataSource-299176982","activeCount":0,"poolingCount":10,"connectCount":0,"closeCount":0}
2018-01-09 20:37:15.887 [Druid-ConnectionPool-Log-299176982] INFO  c.alibaba.druid.pool.DruidDataSourceStatLoggerImpl - {"url":"jdbc:mysql://localhost:3306/enjoy_sys?useUnicode=true&characterEncoding=UTF-8&useSSL=false","dbType":"mysql","name":"DataSource-299176982","activeCount":0,"poolingCount":10,"connectCount":0,"closeCount":0}
2018-01-09 20:42:15.888 [Druid-ConnectionPool-Log-299176982] INFO  c.alibaba.druid.pool.DruidDataSourceStatLoggerImpl - {"url":"jdbc:mysql://localhost:3306/enjoy_sys?useUnicode=true&characterEncoding=UTF-8&useSSL=false","dbType":"mysql","name":"DataSource-299176982","activeCount":0,"poolingCount":10,"connectCount":0,"closeCount":0}
2018-01-09 20:47:15.889 [Druid-ConnectionPool-Log-299176982] INFO  c.alibaba.druid.pool.DruidDataSourceStatLoggerImpl - {"url":"jdbc:mysql://localhost:3306/enjoy_sys?useUnicode=true&characterEncoding=UTF-8&useSSL=false","dbType":"mysql","name":"DataSource-299176982","activeCount":0,"poolingCount":10,"connectCount":0,"closeCount":0}
2018-01-09 20:52:15.890 [Druid-ConnectionPool-Log-299176982] INFO  c.alibaba.druid.pool.DruidDataSourceStatLoggerImpl - {"url":"jdbc:mysql://localhost:3306/enjoy_sys?useUnicode=true&characterEncoding=UTF-8&useSSL=false","dbType":"mysql","name":"DataSource-299176982","activeCount":0,"poolingCount":10,"connectCount":0,"closeCount":0}
2018-01-09 20:57:15.891 [Druid-ConnectionPool-Log-299176982] INFO  c.alibaba.druid.pool.DruidDataSourceStatLoggerImpl - {"url":"jdbc:mysql://localhost:3306/enjoy_sys?useUnicode=true&characterEncoding=UTF-8&useSSL=false","dbType":"mysql","name":"DataSource-299176982","activeCount":0,"poolingCount":10,"connectCount":0,"closeCount":0}
2018-01-09 21:02:15.892 [Druid-ConnectionPool-Log-299176982] INFO  c.alibaba.druid.pool.DruidDataSourceStatLoggerImpl - {"url":"jdbc:mysql://localhost:3306/enjoy_sys?useUnicode=true&characterEncoding=UTF-8&useSSL=false","dbType":"mysql","name":"DataSource-299176982","activeCount":0,"poolingCount":10,"connectCount":0,"closeCount":0}
2018-01-09 21:07:15.892 [Druid-ConnectionPool-Log-299176982] INFO  c.alibaba.druid.pool.DruidDataSourceStatLoggerImpl - {"url":"jdbc:mysql://localhost:3306/enjoy_sys?useUnicode=true&characterEncoding=UTF-8&useSSL=false","dbType":"mysql","name":"DataSource-299176982","activeCount":0,"poolingCount":10,"connectCount":0,"closeCount":0}
2018-01-09 21:12:15.894 [Druid-ConnectionPool-Log-299176982] INFO  c.alibaba.druid.pool.DruidDataSourceStatLoggerImpl - {"url":"jdbc:mysql://localhost:3306/enjoy_sys?useUnicode=true&characterEncoding=UTF-8&useSSL=false","dbType":"mysql","name":"DataSource-299176982","activeCount":0,"poolingCount":10,"connectCount":0,"closeCount":0}
2018-01-09 21:17:15.894 [Druid-ConnectionPool-Log-299176982] INFO  c.alibaba.druid.pool.DruidDataSourceStatLoggerImpl - {"url":"jdbc:mysql://localhost:3306/enjoy_sys?useUnicode=true&characterEncoding=UTF-8&useSSL=false","dbType":"mysql","name":"DataSource-299176982","activeCount":0,"poolingCount":10,"connectCount":0,"closeCount":0}
2018-01-09 21:22:15.895 [Druid-ConnectionPool-Log-299176982] INFO  c.alibaba.druid.pool.DruidDataSourceStatLoggerImpl - {"url":"jdbc:mysql://localhost:3306/enjoy_sys?useUnicode=true&characterEncoding=UTF-8&useSSL=false","dbType":"mysql","name":"DataSource-299176982","activeCount":0,"poolingCount":10,"connectCount":0,"closeCount":0}
2018-01-09 21:27:15.895 [Druid-ConnectionPool-Log-299176982] INFO  c.alibaba.druid.pool.DruidDataSourceStatLoggerImpl - {"url":"jdbc:mysql://localhost:3306/enjoy_sys?useUnicode=true&characterEncoding=UTF-8&useSSL=false","dbType":"mysql","name":"DataSource-299176982","activeCount":0,"poolingCount":10,"connectCount":0,"closeCount":0}
2018-01-09 21:32:15.896 [Druid-ConnectionPool-Log-299176982] INFO  c.alibaba.druid.pool.DruidDataSourceStatLoggerImpl - {"url":"jdbc:mysql://localhost:3306/enjoy_sys?useUnicode=true&characterEncoding=UTF-8&useSSL=false","dbType":"mysql","name":"DataSource-299176982","activeCount":0,"poolingCount":10,"connectCount":0,"closeCount":0}
2018-01-09 21:37:15.896 [Druid-ConnectionPool-Log-299176982] INFO  c.alibaba.druid.pool.DruidDataSourceStatLoggerImpl - {"url":"jdbc:mysql://localhost:3306/enjoy_sys?useUnicode=true&characterEncoding=UTF-8&useSSL=false","dbType":"mysql","name":"DataSource-299176982","activeCount":0,"poolingCount":10,"connectCount":0,"closeCount":0}
2018-01-09 21:42:15.897 [Druid-ConnectionPool-Log-299176982] INFO  c.alibaba.druid.pool.DruidDataSourceStatLoggerImpl - {"url":"jdbc:mysql://localhost:3306/enjoy_sys?useUnicode=true&characterEncoding=UTF-8&useSSL=false","dbType":"mysql","name":"DataSource-299176982","activeCount":0,"poolingCount":10,"connectCount":0,"closeCount":0}
2018-01-09 21:47:15.897 [Druid-ConnectionPool-Log-299176982] INFO  c.alibaba.druid.pool.DruidDataSourceStatLoggerImpl - {"url":"jdbc:mysql://localhost:3306/enjoy_sys?useUnicode=true&characterEncoding=UTF-8&useSSL=false","dbType":"mysql","name":"DataSource-299176982","activeCount":0,"poolingCount":10,"connectCount":0,"closeCount":0}
2018-01-09 21:52:15.898 [Druid-ConnectionPool-Log-299176982] INFO  c.alibaba.druid.pool.DruidDataSourceStatLoggerImpl - {"url":"jdbc:mysql://localhost:3306/enjoy_sys?useUnicode=true&characterEncoding=UTF-8&useSSL=false","dbType":"mysql","name":"DataSource-299176982","activeCount":0,"poolingCount":10,"connectCount":0,"closeCount":0}
2018-01-09 21:57:15.899 [Druid-ConnectionPool-Log-299176982] INFO  c.alibaba.druid.pool.DruidDataSourceStatLoggerImpl - {"url":"jdbc:mysql://localhost:3306/enjoy_sys?useUnicode=true&characterEncoding=UTF-8&useSSL=false","dbType":"mysql","name":"DataSource-299176982","activeCount":0,"poolingCount":10,"connectCount":0,"closeCount":0}
2018-01-09 22:02:15.899 [Druid-ConnectionPool-Log-299176982] INFO  c.alibaba.druid.pool.DruidDataSourceStatLoggerImpl - {"url":"jdbc:mysql://localhost:3306/enjoy_sys?useUnicode=true&characterEncoding=UTF-8&useSSL=false","dbType":"mysql","name":"DataSource-299176982","activeCount":0,"poolingCount":10,"connectCount":0,"closeCount":0}
2018-01-09 22:07:15.900 [Druid-ConnectionPool-Log-299176982] INFO  c.alibaba.druid.pool.DruidDataSourceStatLoggerImpl - {"url":"jdbc:mysql://localhost:3306/enjoy_sys?useUnicode=true&characterEncoding=UTF-8&useSSL=false","dbType":"mysql","name":"DataSource-299176982","activeCount":0,"poolingCount":10,"connectCount":0,"closeCount":0}
2018-01-09 22:12:15.901 [Druid-ConnectionPool-Log-299176982] INFO  c.alibaba.druid.pool.DruidDataSourceStatLoggerImpl - {"url":"jdbc:mysql://localhost:3306/enjoy_sys?useUnicode=true&characterEncoding=UTF-8&useSSL=false","dbType":"mysql","name":"DataSource-299176982","activeCount":0,"poolingCount":10,"connectCount":0,"closeCount":0}
2018-01-09 22:17:15.902 [Druid-ConnectionPool-Log-299176982] INFO  c.alibaba.druid.pool.DruidDataSourceStatLoggerImpl - {"url":"jdbc:mysql://localhost:3306/enjoy_sys?useUnicode=true&characterEncoding=UTF-8&useSSL=false","dbType":"mysql","name":"DataSource-299176982","activeCount":0,"poolingCount":10,"connectCount":0,"closeCount":0}
2018-01-09 22:22:15.903 [Druid-ConnectionPool-Log-299176982] INFO  c.alibaba.druid.pool.DruidDataSourceStatLoggerImpl - {"url":"jdbc:mysql://localhost:3306/enjoy_sys?useUnicode=true&characterEncoding=UTF-8&useSSL=false","dbType":"mysql","name":"DataSource-299176982","activeCount":0,"poolingCount":10,"connectCount":0,"closeCount":0}
2018-01-09 22:27:15.904 [Druid-ConnectionPool-Log-299176982] INFO  c.alibaba.druid.pool.DruidDataSourceStatLoggerImpl - {"url":"jdbc:mysql://localhost:3306/enjoy_sys?useUnicode=true&characterEncoding=UTF-8&useSSL=false","dbType":"mysql","name":"DataSource-299176982","activeCount":0,"poolingCount":10,"connectCount":0,"closeCount":0}
2018-01-09 22:32:15.905 [Druid-ConnectionPool-Log-299176982] INFO  c.alibaba.druid.pool.DruidDataSourceStatLoggerImpl - {"url":"jdbc:mysql://localhost:3306/enjoy_sys?useUnicode=true&characterEncoding=UTF-8&useSSL=false","dbType":"mysql","name":"DataSource-299176982","activeCount":0,"poolingCount":10,"connectCount":0,"closeCount":0}
2018-01-09 22:37:15.906 [Druid-ConnectionPool-Log-299176982] INFO  c.alibaba.druid.pool.DruidDataSourceStatLoggerImpl - {"url":"jdbc:mysql://localhost:3306/enjoy_sys?useUnicode=true&characterEncoding=UTF-8&useSSL=false","dbType":"mysql","name":"DataSource-299176982","activeCount":0,"poolingCount":10,"connectCount":0,"closeCount":0}
2018-01-09 22:42:15.907 [Druid-ConnectionPool-Log-299176982] INFO  c.alibaba.druid.pool.DruidDataSourceStatLoggerImpl - {"url":"jdbc:mysql://localhost:3306/enjoy_sys?useUnicode=true&characterEncoding=UTF-8&useSSL=false","dbType":"mysql","name":"DataSource-299176982","activeCount":0,"poolingCount":10,"connectCount":0,"closeCount":0}
2018-01-09 22:47:15.907 [Druid-ConnectionPool-Log-299176982] INFO  c.alibaba.druid.pool.DruidDataSourceStatLoggerImpl - {"url":"jdbc:mysql://localhost:3306/enjoy_sys?useUnicode=true&characterEncoding=UTF-8&useSSL=false","dbType":"mysql","name":"DataSource-299176982","activeCount":0,"poolingCount":10,"connectCount":0,"closeCount":0}
2018-01-09 22:52:15.908 [Druid-ConnectionPool-Log-299176982] INFO  c.alibaba.druid.pool.DruidDataSourceStatLoggerImpl - {"url":"jdbc:mysql://localhost:3306/enjoy_sys?useUnicode=true&characterEncoding=UTF-8&useSSL=false","dbType":"mysql","name":"DataSource-299176982","activeCount":0,"poolingCount":10,"connectCount":0,"closeCount":0}
2018-01-09 22:57:15.909 [Druid-ConnectionPool-Log-299176982] INFO  c.alibaba.druid.pool.DruidDataSourceStatLoggerImpl - {"url":"jdbc:mysql://localhost:3306/enjoy_sys?useUnicode=true&characterEncoding=UTF-8&useSSL=false","dbType":"mysql","name":"DataSource-299176982","activeCount":0,"poolingCount":10,"connectCount":0,"closeCount":0}
2018-01-09 23:02:15.909 [Druid-ConnectionPool-Log-299176982] INFO  c.alibaba.druid.pool.DruidDataSourceStatLoggerImpl - {"url":"jdbc:mysql://localhost:3306/enjoy_sys?useUnicode=true&characterEncoding=UTF-8&useSSL=false","dbType":"mysql","name":"DataSource-299176982","activeCount":0,"poolingCount":10,"connectCount":0,"closeCount":0}
2018-01-09 23:07:15.910 [Druid-ConnectionPool-Log-299176982] INFO  c.alibaba.druid.pool.DruidDataSourceStatLoggerImpl - {"url":"jdbc:mysql://localhost:3306/enjoy_sys?useUnicode=true&characterEncoding=UTF-8&useSSL=false","dbType":"mysql","name":"DataSource-299176982","activeCount":0,"poolingCount":10,"connectCount":0,"closeCount":0}
2018-01-09 23:12:15.911 [Druid-ConnectionPool-Log-299176982] INFO  c.alibaba.druid.pool.DruidDataSourceStatLoggerImpl - {"url":"jdbc:mysql://localhost:3306/enjoy_sys?useUnicode=true&characterEncoding=UTF-8&useSSL=false","dbType":"mysql","name":"DataSource-299176982","activeCount":0,"poolingCount":10,"connectCount":0,"closeCount":0}
2018-01-09 23:17:15.911 [Druid-ConnectionPool-Log-299176982] INFO  c.alibaba.druid.pool.DruidDataSourceStatLoggerImpl - {"url":"jdbc:mysql://localhost:3306/enjoy_sys?useUnicode=true&characterEncoding=UTF-8&useSSL=false","dbType":"mysql","name":"DataSource-299176982","activeCount":0,"poolingCount":10,"connectCount":0,"closeCount":0}
2018-01-09 23:22:15.912 [Druid-ConnectionPool-Log-299176982] INFO  c.alibaba.druid.pool.DruidDataSourceStatLoggerImpl - {"url":"jdbc:mysql://localhost:3306/enjoy_sys?useUnicode=true&characterEncoding=UTF-8&useSSL=false","dbType":"mysql","name":"DataSource-299176982","activeCount":0,"poolingCount":10,"connectCount":0,"closeCount":0}
2018-01-09 23:27:15.913 [Druid-ConnectionPool-Log-299176982] INFO  c.alibaba.druid.pool.DruidDataSourceStatLoggerImpl - {"url":"jdbc:mysql://localhost:3306/enjoy_sys?useUnicode=true&characterEncoding=UTF-8&useSSL=false","dbType":"mysql","name":"DataSource-299176982","activeCount":0,"poolingCount":10,"connectCount":0,"closeCount":0}
2018-01-09 23:32:15.914 [Druid-ConnectionPool-Log-299176982] INFO  c.alibaba.druid.pool.DruidDataSourceStatLoggerImpl - {"url":"jdbc:mysql://localhost:3306/enjoy_sys?useUnicode=true&characterEncoding=UTF-8&useSSL=false","dbType":"mysql","name":"DataSource-299176982","activeCount":0,"poolingCount":10,"connectCount":0,"closeCount":0}
2018-01-09 23:37:15.914 [Druid-ConnectionPool-Log-299176982] INFO  c.alibaba.druid.pool.DruidDataSourceStatLoggerImpl - {"url":"jdbc:mysql://localhost:3306/enjoy_sys?useUnicode=true&characterEncoding=UTF-8&useSSL=false","dbType":"mysql","name":"DataSource-299176982","activeCount":0,"poolingCount":10,"connectCount":0,"closeCount":0}
2018-01-09 23:42:15.916 [Druid-ConnectionPool-Log-299176982] INFO  c.alibaba.druid.pool.DruidDataSourceStatLoggerImpl - {"url":"jdbc:mysql://localhost:3306/enjoy_sys?useUnicode=true&characterEncoding=UTF-8&useSSL=false","dbType":"mysql","name":"DataSource-299176982","activeCount":0,"poolingCount":10,"connectCount":0,"closeCount":0}
2018-01-09 23:47:15.917 [Druid-ConnectionPool-Log-299176982] INFO  c.alibaba.druid.pool.DruidDataSourceStatLoggerImpl - {"url":"jdbc:mysql://localhost:3306/enjoy_sys?useUnicode=true&characterEncoding=UTF-8&useSSL=false","dbType":"mysql","name":"DataSource-299176982","activeCount":0,"poolingCount":10,"connectCount":0,"closeCount":0}
2018-01-09 23:52:15.918 [Druid-ConnectionPool-Log-299176982] INFO  c.alibaba.druid.pool.DruidDataSourceStatLoggerImpl - {"url":"jdbc:mysql://localhost:3306/enjoy_sys?useUnicode=true&characterEncoding=UTF-8&useSSL=false","dbType":"mysql","name":"DataSource-299176982","activeCount":0,"poolingCount":10,"connectCount":0,"closeCount":0}
2018-01-10 09:41:54.586 [Druid-ConnectionPool-Log-299176982] INFO  c.alibaba.druid.pool.DruidDataSourceStatLoggerImpl - {"url":"jdbc:mysql://localhost:3306/enjoy_sys?useUnicode=true&characterEncoding=UTF-8&useSSL=false","dbType":"mysql","name":"DataSource-299176982","activeCount":0,"poolingCount":10,"connectCount":0,"closeCount":0}
2018-01-10 09:46:54.588 [Druid-ConnectionPool-Log-299176982] INFO  c.alibaba.druid.pool.DruidDataSourceStatLoggerImpl - {"url":"jdbc:mysql://localhost:3306/enjoy_sys?useUnicode=true&characterEncoding=UTF-8&useSSL=false","dbType":"mysql","name":"DataSource-299176982","activeCount":0,"poolingCount":0,"connectCount":0,"closeCount":0,"physicalCloseCount":10}
2018-01-10 09:51:54.588 [Druid-ConnectionPool-Log-299176982] INFO  c.alibaba.druid.pool.DruidDataSourceStatLoggerImpl - {"url":"jdbc:mysql://localhost:3306/enjoy_sys?useUnicode=true&characterEncoding=UTF-8&useSSL=false","dbType":"mysql","name":"DataSource-299176982","activeCount":0,"poolingCount":0,"connectCount":0,"closeCount":0}
2018-01-10 09:56:54.588 [Druid-ConnectionPool-Log-299176982] INFO  c.alibaba.druid.pool.DruidDataSourceStatLoggerImpl - {"url":"jdbc:mysql://localhost:3306/enjoy_sys?useUnicode=true&characterEncoding=UTF-8&useSSL=false","dbType":"mysql","name":"DataSource-299176982","activeCount":0,"poolingCount":0,"connectCount":0,"closeCount":0}
