2017-12-25 11:27:56.300 [restartedMain] INFO  com.gistmap.EnjoyApplication - Starting EnjoyApplication on DESKTOP-9DR37MS with PID 20964 (C:\gistmap\enjoy\enjoy\target\classes started by 45286 in C:\gistmap\enjoy\enjoy)
2017-12-25 11:27:56.307 [restartedMain] INFO  com.gistmap.EnjoyApplication - No active profile set, falling back to default profiles: default
2017-12-25 11:27:56.413 [restartedMain] INFO  o.s.b.c.e.AnnotationConfigEmbeddedWebApplicationContext - Refreshing org.springframework.boot.context.embedded.AnnotationConfigEmbeddedWebApplicationContext@2f380077: startup date [Mon Dec 25 11:27:56 CST 2017]; root of context hierarchy
2017-12-25 11:27:56.582 [background-preinit] INFO  org.hibernate.validator.internal.util.Version - HV000001: Hibernate Validator 5.3.5.Final
2017-12-25 11:27:58.539 [restartedMain] INFO  o.s.c.s.PostProcessorRegistrationDelegate$BeanPostProcessorChecker - Bean 'com.alibaba.druid.spring.boot.autoconfigure.stat.DruidSpringAopConfiguration' of type [com.alibaba.druid.spring.boot.autoconfigure.stat.DruidSpringAopConfiguration] is not eligible for getting processed by all BeanPostProcessors (for example: not eligible for auto-proxying)
2017-12-25 11:27:59.609 [restartedMain] INFO  o.s.b.c.e.tomcat.TomcatEmbeddedServletContainer - Tomcat initialized with port(s): 7001 (http)
2017-12-25 11:27:59.627 [restartedMain] INFO  org.apache.catalina.core.StandardService - Starting service [Tomcat]
2017-12-25 11:27:59.628 [restartedMain] INFO  org.apache.catalina.core.StandardEngine - Starting Servlet Engine: Apache Tomcat/8.5.16
2017-12-25 11:27:59.824 [localhost-startStop-1] INFO  o.a.c.core.ContainerBase.[Tomcat].[localhost].[/] - Initializing Spring embedded WebApplicationContext
2017-12-25 11:27:59.825 [localhost-startStop-1] INFO  org.springframework.web.context.ContextLoader - Root WebApplicationContext: initialization completed in 3412 ms
2017-12-25 11:28:00.147 [localhost-startStop-1] INFO  o.s.boot.web.servlet.ServletRegistrationBean - Mapping servlet: 'dispatcherServlet' to [/]
2017-12-25 11:28:00.149 [localhost-startStop-1] INFO  o.s.boot.web.servlet.ServletRegistrationBean - Mapping servlet: 'statViewServlet' to [/druid/*]
2017-12-25 11:28:00.154 [localhost-startStop-1] INFO  o.s.boot.web.servlet.FilterRegistrationBean - Mapping filter: 'characterEncodingFilter' to: [/*]
2017-12-25 11:28:00.155 [localhost-startStop-1] INFO  o.s.boot.web.servlet.FilterRegistrationBean - Mapping filter: 'hiddenHttpMethodFilter' to: [/*]
2017-12-25 11:28:00.155 [localhost-startStop-1] INFO  o.s.boot.web.servlet.FilterRegistrationBean - Mapping filter: 'httpPutFormContentFilter' to: [/*]
2017-12-25 11:28:00.156 [localhost-startStop-1] INFO  o.s.boot.web.servlet.FilterRegistrationBean - Mapping filter: 'requestContextFilter' to: [/*]
2017-12-25 11:28:00.156 [localhost-startStop-1] INFO  o.s.boot.web.servlet.FilterRegistrationBean - Mapping filter: 'webStatFilter' to urls: [/*]
2017-12-25 11:28:02.568 [restartedMain] INFO  o.s.w.s.m.m.a.RequestMappingHandlerAdapter - Looking for @ControllerAdvice: org.springframework.boot.context.embedded.AnnotationConfigEmbeddedWebApplicationContext@2f380077: startup date [Mon Dec 25 11:27:56 CST 2017]; root of context hierarchy
2017-12-25 11:28:02.698 [restartedMain] INFO  o.s.w.s.m.m.a.RequestMappingHandlerMapping - Mapped "{[/write],methods=[GET]}" onto public java.lang.String com.gistmap.web.IndexController.write()
2017-12-25 11:28:02.700 [restartedMain] INFO  o.s.w.s.m.m.a.RequestMappingHandlerMapping - Mapped "{[/],methods=[GET]}" onto public java.lang.String com.gistmap.web.IndexController.home()
2017-12-25 11:28:02.700 [restartedMain] INFO  o.s.w.s.m.m.a.RequestMappingHandlerMapping - Mapped "{[/regist],methods=[GET]}" onto public java.lang.String com.gistmap.web.IndexController.regist()
2017-12-25 11:28:02.700 [restartedMain] INFO  o.s.w.s.m.m.a.RequestMappingHandlerMapping - Mapped "{[/login],methods=[GET]}" onto public java.lang.String com.gistmap.web.IndexController.login()
2017-12-25 11:28:02.707 [restartedMain] INFO  o.s.w.s.m.m.a.RequestMappingHandlerMapping - Mapped "{[/signIn],methods=[POST]}" onto public com.gistmap.comm.Response com.gistmap.web.LoginController.signIn(com.gistmap.entity.User,javax.servlet.http.HttpServletResponse)
2017-12-25 11:28:02.709 [restartedMain] INFO  o.s.w.s.m.m.a.RequestMappingHandlerMapping - Mapped "{[/signUp],methods=[POST]}" onto public com.gistmap.comm.Response com.gistmap.web.LoginController.signUp(com.gistmap.entity.User)
2017-12-25 11:28:02.711 [restartedMain] INFO  o.s.w.s.m.m.a.RequestMappingHandlerMapping - Mapped "{[/music/list],methods=[GET]}" onto public java.util.List<com.gistmap.entity.MusicVO> com.gistmap.web.MusicController.list(java.lang.String)
2017-12-25 11:28:02.712 [restartedMain] INFO  o.s.w.s.m.m.a.RequestMappingHandlerMapping - Mapped "{[/story/{storyId}],methods=[GET]}" onto public java.lang.String com.gistmap.web.StoryController.get(java.lang.Long,org.springframework.ui.Model)
2017-12-25 11:28:02.713 [restartedMain] INFO  o.s.w.s.m.m.a.RequestMappingHandlerMapping - Mapped "{[/story/add],methods=[POST]}" onto public com.gistmap.comm.Response com.gistmap.web.StoryController.save(com.gistmap.entity.StoryDto)
2017-12-25 11:28:02.714 [restartedMain] INFO  o.s.w.s.m.m.a.RequestMappingHandlerMapping - Mapped "{[/user/],methods=[GET]}" onto public java.lang.String com.gistmap.web.UserController.index()
2017-12-25 11:28:02.717 [restartedMain] INFO  o.s.w.s.m.m.a.RequestMappingHandlerMapping - Mapped "{[/error]}" onto public org.springframework.http.ResponseEntity<java.util.Map<java.lang.String, java.lang.Object>> org.springframework.boot.autoconfigure.web.BasicErrorController.error(javax.servlet.http.HttpServletRequest)
2017-12-25 11:28:02.718 [restartedMain] INFO  o.s.w.s.m.m.a.RequestMappingHandlerMapping - Mapped "{[/error],produces=[text/html]}" onto public org.springframework.web.servlet.ModelAndView org.springframework.boot.autoconfigure.web.BasicErrorController.errorHtml(javax.servlet.http.HttpServletRequest,javax.servlet.http.HttpServletResponse)
2017-12-25 11:28:02.828 [restartedMain] INFO  o.s.web.servlet.handler.SimpleUrlHandlerMapping - Mapped URL path [/webjars/**] onto handler of type [class org.springframework.web.servlet.resource.ResourceHttpRequestHandler]
2017-12-25 11:28:02.829 [restartedMain] INFO  o.s.web.servlet.handler.SimpleUrlHandlerMapping - Mapped URL path [/**] onto handler of type [class org.springframework.web.servlet.resource.ResourceHttpRequestHandler]
2017-12-25 11:28:02.942 [restartedMain] INFO  o.s.web.servlet.handler.SimpleUrlHandlerMapping - Mapped URL path [/**/favicon.ico] onto handler of type [class org.springframework.web.servlet.resource.ResourceHttpRequestHandler]
2017-12-25 11:28:03.522 [restartedMain] INFO  o.s.w.servlet.view.freemarker.FreeMarkerConfigurer - ClassTemplateLoader for Spring macros added to FreeMarker configuration
2017-12-25 11:28:03.934 [restartedMain] INFO  o.s.b.d.autoconfigure.OptionalLiveReloadServer - LiveReload server is running on port 35729
2017-12-25 11:28:04.227 [restartedMain] INFO  o.s.jmx.export.annotation.AnnotationMBeanExporter - Registering beans for JMX exposure on startup
2017-12-25 11:28:04.230 [restartedMain] INFO  o.s.jmx.export.annotation.AnnotationMBeanExporter - Bean with name 'statFilter' has been autodetected for JMX exposure
2017-12-25 11:28:04.231 [restartedMain] INFO  o.s.jmx.export.annotation.AnnotationMBeanExporter - Bean with name 'dataSource' has been autodetected for JMX exposure
2017-12-25 11:28:04.238 [restartedMain] INFO  o.s.jmx.export.annotation.AnnotationMBeanExporter - Located MBean 'dataSource': registering with JMX server as MBean [com.alibaba.druid.spring.boot.autoconfigure:name=dataSource,type=DruidDataSourceWrapper]
2017-12-25 11:28:04.241 [restartedMain] INFO  o.s.jmx.export.annotation.AnnotationMBeanExporter - Located MBean 'statFilter': registering with JMX server as MBean [com.alibaba.druid.filter.stat:name=statFilter,type=StatFilter]
2017-12-25 11:28:04.262 [restartedMain] INFO  org.apache.coyote.http11.Http11NioProtocol - Initializing ProtocolHandler ["http-nio-7001"]
2017-12-25 11:28:04.275 [restartedMain] INFO  org.apache.coyote.http11.Http11NioProtocol - Starting ProtocolHandler ["http-nio-7001"]
2017-12-25 11:28:04.298 [restartedMain] INFO  org.apache.tomcat.util.net.NioSelectorPool - Using a shared selector for servlet write/read
2017-12-25 11:28:04.324 [restartedMain] INFO  o.s.b.c.e.tomcat.TomcatEmbeddedServletContainer - Tomcat started on port(s): 7001 (http)
2017-12-25 11:28:04.333 [restartedMain] INFO  com.gistmap.EnjoyApplication - Started EnjoyApplication in 8.885 seconds (JVM running for 11.381)
2017-12-25 11:29:31.639 [http-nio-7001-exec-2] INFO  o.a.c.core.ContainerBase.[Tomcat].[localhost].[/] - Initializing Spring FrameworkServlet 'dispatcherServlet'
2017-12-25 11:29:31.640 [http-nio-7001-exec-2] INFO  org.springframework.web.servlet.DispatcherServlet - FrameworkServlet 'dispatcherServlet': initialization started
2017-12-25 11:29:31.699 [http-nio-7001-exec-2] INFO  org.springframework.web.servlet.DispatcherServlet - FrameworkServlet 'dispatcherServlet': initialization completed in 59 ms
