2017-10-16 00:02:51.346 [restartedMain] INFO  com.gistmap.EnjoyApplication - Starting EnjoyApplication on gistmap with PID 159028 (D:\project\enjoy\target\classes started by gistmap in D:\project\enjoy)
2017-10-16 00:02:51.347 [restartedMain] INFO  com.gistmap.EnjoyApplication - No active profile set, falling back to default profiles: default
2017-10-16 00:02:51.418 [restartedMain] INFO  o.s.b.c.e.AnnotationConfigEmbeddedWebApplicationContext - Refreshing org.springframework.boot.context.embedded.AnnotationConfigEmbeddedWebApplicationContext@350f8698: startup date [Mon Oct 16 00:02:51 CST 2017]; root of context hierarchy
2017-10-16 00:02:51.506 [background-preinit] INFO  org.hibernate.validator.internal.util.Version - HV000001: Hibernate Validator 5.3.5.Final
2017-10-16 00:02:52.501 [restartedMain] INFO  o.s.c.s.PostProcessorRegistrationDelegate$BeanPostProcessorChecker - Bean 'com.alibaba.druid.spring.boot.autoconfigure.stat.DruidSpringAopConfiguration' of type [com.alibaba.druid.spring.boot.autoconfigure.stat.DruidSpringAopConfiguration] is not eligible for getting processed by all BeanPostProcessors (for example: not eligible for auto-proxying)
2017-10-16 00:02:52.927 [restartedMain] INFO  o.s.b.c.e.tomcat.TomcatEmbeddedServletContainer - Tomcat initialized with port(s): 7001 (http)
2017-10-16 00:02:52.933 [restartedMain] INFO  org.apache.catalina.core.StandardService - Starting service [Tomcat]
2017-10-16 00:02:52.935 [restartedMain] INFO  org.apache.catalina.core.StandardEngine - Starting Servlet Engine: Apache Tomcat/8.5.16
2017-10-16 00:02:53.001 [localhost-startStop-1] INFO  o.a.c.core.ContainerBase.[Tomcat].[localhost].[/] - Initializing Spring embedded WebApplicationContext
2017-10-16 00:02:53.001 [localhost-startStop-1] INFO  org.springframework.web.context.ContextLoader - Root WebApplicationContext: initialization completed in 1583 ms
2017-10-16 00:02:53.141 [localhost-startStop-1] INFO  o.s.boot.web.servlet.ServletRegistrationBean - Mapping servlet: 'dispatcherServlet' to [/]
2017-10-16 00:02:53.142 [localhost-startStop-1] INFO  o.s.boot.web.servlet.ServletRegistrationBean - Mapping servlet: 'statViewServlet' to [/druid/*]
2017-10-16 00:02:53.145 [localhost-startStop-1] INFO  o.s.boot.web.servlet.FilterRegistrationBean - Mapping filter: 'characterEncodingFilter' to: [/*]
2017-10-16 00:02:53.145 [localhost-startStop-1] INFO  o.s.boot.web.servlet.FilterRegistrationBean - Mapping filter: 'hiddenHttpMethodFilter' to: [/*]
2017-10-16 00:02:53.146 [localhost-startStop-1] INFO  o.s.boot.web.servlet.FilterRegistrationBean - Mapping filter: 'httpPutFormContentFilter' to: [/*]
2017-10-16 00:02:53.146 [localhost-startStop-1] INFO  o.s.boot.web.servlet.FilterRegistrationBean - Mapping filter: 'requestContextFilter' to: [/*]
2017-10-16 00:02:53.146 [localhost-startStop-1] INFO  o.s.boot.web.servlet.FilterRegistrationBean - Mapping filter: 'webStatFilter' to urls: [/*]
2017-10-16 00:02:54.206 [restartedMain] INFO  o.s.w.s.m.m.a.RequestMappingHandlerAdapter - Looking for @ControllerAdvice: org.springframework.boot.context.embedded.AnnotationConfigEmbeddedWebApplicationContext@350f8698: startup date [Mon Oct 16 00:02:51 CST 2017]; root of context hierarchy
2017-10-16 00:02:54.253 [restartedMain] INFO  o.s.w.s.m.m.a.RequestMappingHandlerMapping - Mapped "{[/write],methods=[GET]}" onto public java.lang.String com.gistmap.web.IndexController.write()
2017-10-16 00:02:54.254 [restartedMain] INFO  o.s.w.s.m.m.a.RequestMappingHandlerMapping - Mapped "{[/],methods=[GET]}" onto public java.lang.String com.gistmap.web.IndexController.home()
2017-10-16 00:02:54.254 [restartedMain] INFO  o.s.w.s.m.m.a.RequestMappingHandlerMapping - Mapped "{[/login],methods=[GET]}" onto public java.lang.String com.gistmap.web.IndexController.login()
2017-10-16 00:02:54.254 [restartedMain] INFO  o.s.w.s.m.m.a.RequestMappingHandlerMapping - Mapped "{[/regist],methods=[GET]}" onto public java.lang.String com.gistmap.web.IndexController.regist()
2017-10-16 00:02:54.256 [restartedMain] INFO  o.s.w.s.m.m.a.RequestMappingHandlerMapping - Mapped "{[/signIn],methods=[POST]}" onto public com.gistmap.comm.Response com.gistmap.web.LoginController.signIn(com.gistmap.entity.User,javax.servlet.http.HttpServletResponse)
2017-10-16 00:02:54.257 [restartedMain] INFO  o.s.w.s.m.m.a.RequestMappingHandlerMapping - Mapped "{[/signUp],methods=[POST]}" onto public com.gistmap.comm.Response com.gistmap.web.LoginController.signUp(com.gistmap.entity.User)
2017-10-16 00:02:54.257 [restartedMain] INFO  o.s.w.s.m.m.a.RequestMappingHandlerMapping - Mapped "{[/music/list],methods=[GET]}" onto public java.util.List<com.gistmap.entity.MusicVO> com.gistmap.web.MusicController.list(java.lang.String)
2017-10-16 00:02:54.258 [restartedMain] INFO  o.s.w.s.m.m.a.RequestMappingHandlerMapping - Mapped "{[/story/add],methods=[POST]}" onto public com.gistmap.comm.Response com.gistmap.web.StoryController.save(com.gistmap.entity.StoryDto)
2017-10-16 00:02:54.259 [restartedMain] INFO  o.s.w.s.m.m.a.RequestMappingHandlerMapping - Mapped "{[/error]}" onto public org.springframework.http.ResponseEntity<java.util.Map<java.lang.String, java.lang.Object>> org.springframework.boot.autoconfigure.web.BasicErrorController.error(javax.servlet.http.HttpServletRequest)
2017-10-16 00:02:54.259 [restartedMain] INFO  o.s.w.s.m.m.a.RequestMappingHandlerMapping - Mapped "{[/error],produces=[text/html]}" onto public org.springframework.web.servlet.ModelAndView org.springframework.boot.autoconfigure.web.BasicErrorController.errorHtml(javax.servlet.http.HttpServletRequest,javax.servlet.http.HttpServletResponse)
2017-10-16 00:02:54.290 [restartedMain] INFO  o.s.web.servlet.handler.SimpleUrlHandlerMapping - Mapped URL path [/webjars/**] onto handler of type [class org.springframework.web.servlet.resource.ResourceHttpRequestHandler]
2017-10-16 00:02:54.290 [restartedMain] INFO  o.s.web.servlet.handler.SimpleUrlHandlerMapping - Mapped URL path [/**] onto handler of type [class org.springframework.web.servlet.resource.ResourceHttpRequestHandler]
2017-10-16 00:02:54.433 [restartedMain] INFO  o.s.web.servlet.handler.SimpleUrlHandlerMapping - Mapped URL path [/**/favicon.ico] onto handler of type [class org.springframework.web.servlet.resource.ResourceHttpRequestHandler]
2017-10-16 00:02:54.598 [restartedMain] INFO  o.s.w.servlet.view.freemarker.FreeMarkerConfigurer - ClassTemplateLoader for Spring macros added to FreeMarker configuration
2017-10-16 00:02:54.757 [restartedMain] INFO  o.s.b.d.autoconfigure.OptionalLiveReloadServer - LiveReload server is running on port 35729
2017-10-16 00:02:54.901 [restartedMain] INFO  o.s.jmx.export.annotation.AnnotationMBeanExporter - Registering beans for JMX exposure on startup
2017-10-16 00:02:54.902 [restartedMain] INFO  o.s.jmx.export.annotation.AnnotationMBeanExporter - Bean with name 'statFilter' has been autodetected for JMX exposure
2017-10-16 00:02:54.902 [restartedMain] INFO  o.s.jmx.export.annotation.AnnotationMBeanExporter - Bean with name 'dataSource' has been autodetected for JMX exposure
2017-10-16 00:02:54.907 [restartedMain] INFO  o.s.jmx.export.annotation.AnnotationMBeanExporter - Located MBean 'dataSource': registering with JMX server as MBean [com.alibaba.druid.spring.boot.autoconfigure:name=dataSource,type=DruidDataSourceWrapper]
2017-10-16 00:02:54.909 [restartedMain] INFO  o.s.jmx.export.annotation.AnnotationMBeanExporter - Located MBean 'statFilter': registering with JMX server as MBean [com.alibaba.druid.filter.stat:name=statFilter,type=StatFilter]
2017-10-16 00:02:54.920 [restartedMain] INFO  org.apache.coyote.http11.Http11NioProtocol - Initializing ProtocolHandler ["http-nio-7001"]
2017-10-16 00:02:54.927 [restartedMain] INFO  org.apache.coyote.http11.Http11NioProtocol - Starting ProtocolHandler ["http-nio-7001"]
2017-10-16 00:02:54.951 [restartedMain] INFO  org.apache.tomcat.util.net.NioSelectorPool - Using a shared selector for servlet write/read
2017-10-16 00:02:54.998 [restartedMain] INFO  o.s.b.c.e.tomcat.TomcatEmbeddedServletContainer - Tomcat started on port(s): 7001 (http)
2017-10-16 00:02:55.003 [restartedMain] INFO  com.gistmap.EnjoyApplication - Started EnjoyApplication in 4.152 seconds (JVM running for 4.765)
2017-10-16 00:03:23.418 [http-nio-7001-exec-1] INFO  o.a.c.core.ContainerBase.[Tomcat].[localhost].[/] - Initializing Spring FrameworkServlet 'dispatcherServlet'
2017-10-16 00:03:23.418 [http-nio-7001-exec-1] INFO  org.springframework.web.servlet.DispatcherServlet - FrameworkServlet 'dispatcherServlet': initialization started
2017-10-16 00:03:23.438 [http-nio-7001-exec-1] INFO  org.springframework.web.servlet.DispatcherServlet - FrameworkServlet 'dispatcherServlet': initialization completed in 20 ms
2017-10-16 00:03:27.216 [http-nio-7001-exec-10] INFO  com.alibaba.druid.pool.DruidDataSource - {dataSource-1} inited
2017-10-16 00:03:27.217 [Druid-ConnectionPool-Log-2110437071] INFO  c.alibaba.druid.pool.DruidDataSourceStatLoggerImpl - {"url":"jdbc:mysql://192.168.0.104:3306/enjoy_sys?useUnicode=true&characterEncoding=UTF-8","dbType":"mysql","name":"DataSource-2110437071","activeCount":0,"poolingCount":10,"poolingPeak":10,"poolingPeakTime":"2017-10-16 00:03:27","connectCount":0,"closeCount":0,"physicalConnectCount":10}
2017-10-16 00:08:27.227 [Druid-ConnectionPool-Log-2110437071] INFO  c.alibaba.druid.pool.DruidDataSourceStatLoggerImpl - {"url":"jdbc:mysql://192.168.0.104:3306/enjoy_sys?useUnicode=true&characterEncoding=UTF-8","dbType":"mysql","name":"DataSource-2110437071","activeCount":0,"activePeak":1,"activePeakTime":"2017-10-16 00:03:27","poolingCount":10,"poolingPeak":10,"poolingPeakTime":"2017-10-16 00:03:27","connectCount":1,"closeCount":1,"executeCount":1,"pstmtCacheMissCount":1,"connectionHoldTimeHistogram":[0,0,0,1],"sqlList":[{"sql":"SELECT id, name AS text\nFROM music\nWHERE name LIKE ?;","executeCount":1,"executeMillisMax":4,"executeMillisTotal":4,"executeHistogram":[0,1],"executeAndResultHoldHistogram":[1],"concurrentMax":1,"fetchRowCount":1,"fetchRowHistogram":[0,1]}]}
